<?xml version="1.0" encoding="UTF-8"?>
<!-- Generated by org.testng.reporters.JUnitXMLReporter -->
<testsuite ignored="14" hostname="LTIN270759" failures="0" tests="20" name="Default test" time="0.627" errors="0" timestamp="2024-03-11T10:47:22 IST">
  <testcase classname="test_base.BaseClass" name="@BeforeTest setup" time="-1.71013424123E9">
    <failure type="org.testng.TestNGException" message="
Parameter &amp;apos;os&amp;apos; is required by BeforeTest on method setup but has not been marked @Optional or defined
in C:\Users\2304150\AppData\Local\Temp\1\testng-eclipse--382084365\testng-customsuite.xml">
      <![CDATA[org.testng.TestNGException: 
Parameter 'os' is required by BeforeTest on method setup but has not been marked @Optional or defined
in C:\Users\2304150\AppData\Local\Temp\1\testng-eclipse--382084365\testng-customsuite.xml
at org.testng.internal.Parameters.createParams(Parameters.java:270)
at org.testng.internal.Parameters.createParametersForMethod(Parameters.java:358)
at org.testng.internal.Parameters.createParameters(Parameters.java:700)
at org.testng.internal.Parameters.createConfigurationParameters(Parameters.java:168)
at org.testng.internal.ConfigInvoker.invokeConfigurations(ConfigInvoker.java:302)
at org.testng.TestRunner.invokeTestConfigurations(TestRunner.java:637)
at org.testng.TestRunner.beforeRun(TestRunner.java:627)
at org.testng.TestRunner.run(TestRunner.java:589)
at org.testng.SuiteRunner.runTest(SuiteRunner.java:377)
at org.testng.SuiteRunner.runSequentially(SuiteRunner.java:371)
at org.testng.SuiteRunner.privateRun(SuiteRunner.java:332)
at org.testng.SuiteRunner.run(SuiteRunner.java:276)
at org.testng.SuiteRunnerWorker.runSuite(SuiteRunnerWorker.java:53)
at org.testng.SuiteRunnerWorker.run(SuiteRunnerWorker.java:96)
at org.testng.TestNG.runSuitesSequentially(TestNG.java:1212)
at org.testng.TestNG.runSuitesLocally(TestNG.java:1134)
at org.testng.TestNG.runSuites(TestNG.java:1063)
at org.testng.TestNG.run(TestNG.java:1031)
at org.testng.remote.AbstractRemoteTestNG.run(AbstractRemoteTestNG.java:115)
at org.testng.remote.RemoteTestNG.initAndRun(RemoteTestNG.java:251)
at org.testng.remote.RemoteTestNG.main(RemoteTestNG.java:77)
]]>
    </failure>
  </testcase> <!-- @BeforeTest setup -->
  <testcase classname="test_base.BaseClass" name="@AfterTest teardown" time="-1.710134241822E9">
    <skipped/>
  </testcase> <!-- @AfterTest teardown -->
  <testcase classname="test_case.TC003_" name="course1" time="0.0">
    <skipped/>
  </testcase> <!-- course1 -->
  <testcase classname="test_case.TC003_" name="clickcourse1" time="0.0">
    <skipped/>
  </testcase> <!-- clickcourse1 -->
  <testcase classname="test_case.TC003_" name="course2" time="0.0">
    <skipped/>
  </testcase> <!-- course2 -->
  <testcase classname="test_case.TC003_" name="clickcourse2" time="0.0">
    <skipped/>
  </testcase> <!-- clickcourse2 -->
  <testcase classname="test_case.TC002_" name="clickEnglish" time="0.0">
    <skipped/>
  </testcase> <!-- clickEnglish -->
  <testcase classname="test_case.TC002_" name="clickLevel" time="0.0">
    <skipped/>
  </testcase> <!-- clickLevel -->
  <testcase classname="test_case.TC001_" name="searching" time="0.0">
    <skipped/>
  </testcase> <!-- searching -->
  <testcase classname="test_case.TC007_" name="FormFilling3" time="0.0">
    <skipped/>
  </testcase> <!-- FormFilling3 -->
  <testcase classname="test_case.TC007_" name="FormFilling4" time="0.0">
    <skipped/>
  </testcase> <!-- FormFilling4 -->
  <testcase classname="test_case.TC007_" name="FormFilling5" time="0.0">
    <skipped/>
  </testcase> <!-- FormFilling5 -->
  <testcase classname="test_case.TC007_" name="submit" time="0.0">
    <skipped/>
  </testcase> <!-- submit -->
  <testcase classname="test_case.TC007_" name="screenshot" time="0.0">
    <skipped/>
  </testcase> <!-- screenshot -->
  <testcase classname="test_case.TC006_" name="FormFilling1" time="0.0">
    <skipped/>
  </testcase> <!-- FormFilling1 -->
  <testcase classname="test_case.TC006_" name="FormFilling2" time="0.0">
    <skipped/>
  </testcase> <!-- FormFilling2 -->
  <testcase classname="test_case.TC005_" name="clickEnterprise" time="0.0">
    <skipped/>
  </testcase> <!-- clickEnterprise -->
  <testcase classname="test_case.TC005_" name="clickOffer" time="0.0">
    <skipped/>
  </testcase> <!-- clickOffer -->
  <testcase classname="test_case.TC005_" name="course" time="0.0">
    <skipped/>
  </testcase> <!-- course -->
  <testcase classname="test_case.TC004_" name="learning" time="0.0">
    <skipped/>
  </testcase> <!-- learning -->
  <testcase classname="test_case.TC004_" name="clicklanguage" time="0.0">
    <skipped/>
  </testcase> <!-- clicklanguage -->
  <testcase classname="test_case.TC004_" name="clicklevel" time="0.0">
    <skipped/>
  </testcase> <!-- clicklevel -->
  <testcase classname="test_base.BaseClass" name="@BeforeTest setup" time="0.0">
    <ignored/>
  </testcase> <!-- @BeforeTest setup -->
  <testcase classname="test_base.BaseClass" name="@BeforeTest setup" time="0.0">
    <ignored/>
  </testcase> <!-- @BeforeTest setup -->
  <testcase classname="test_base.BaseClass" name="@BeforeTest setup" time="0.0">
    <ignored/>
  </testcase> <!-- @BeforeTest setup -->
  <testcase classname="test_base.BaseClass" name="@BeforeTest setup" time="0.0">
    <ignored/>
  </testcase> <!-- @BeforeTest setup -->
  <testcase classname="test_base.BaseClass" name="@BeforeTest setup" time="0.0">
    <ignored/>
  </testcase> <!-- @BeforeTest setup -->
  <testcase classname="test_base.BaseClass" name="@BeforeTest setup" time="0.0">
    <ignored/>
  </testcase> <!-- @BeforeTest setup -->
  <testcase classname="test_base.BaseClass" name="@BeforeTest setup" time="0.0">
    <ignored/>
  </testcase> <!-- @BeforeTest setup -->
  <testcase classname="test_base.BaseClass" name="@AfterTest teardown" time="0.0">
    <ignored/>
  </testcase> <!-- @AfterTest teardown -->
  <testcase classname="test_base.BaseClass" name="@AfterTest teardown" time="0.0">
    <ignored/>
  </testcase> <!-- @AfterTest teardown -->
  <testcase classname="test_base.BaseClass" name="@AfterTest teardown" time="0.0">
    <ignored/>
  </testcase> <!-- @AfterTest teardown -->
  <testcase classname="test_base.BaseClass" name="@AfterTest teardown" time="0.0">
    <ignored/>
  </testcase> <!-- @AfterTest teardown -->
  <testcase classname="test_base.BaseClass" name="@AfterTest teardown" time="0.0">
    <ignored/>
  </testcase> <!-- @AfterTest teardown -->
  <testcase classname="test_base.BaseClass" name="@AfterTest teardown" time="0.0">
    <ignored/>
  </testcase> <!-- @AfterTest teardown -->
  <testcase classname="test_base.BaseClass" name="@AfterTest teardown" time="0.0">
    <ignored/>
  </testcase> <!-- @AfterTest teardown -->
</testsuite> <!-- Default test -->
