<?xml version="1.0" encoding="UTF-8"?>
<!-- Generated by org.testng.reporters.JUnitXMLReporter -->
<testsuite ignored="6" hostname="LTIN270759" failures="0" tests="13" name="ChromeTest" time="131.003" errors="0" timestamp="2024-02-27T15:40:39 IST">
  <testcase classname="test_case.TC001_" name="searching" time="14.424"/>
  <testcase classname="test_case.TC002_" name="clickEnglish" time="1.889"/>
  <testcase classname="test_case.TC002_" name="clickLevel" time="2.696"/>
  <testcase classname="test_case.TC003_" name="course1" time="12.941"/>
  <testcase classname="test_case.TC003_" name="course2" time="11.685"/>
  <testcase classname="test_case.TC004_" name="learning" time="12.651"/>
  <testcase classname="test_case.TC005_" name="clickEnterprise" time="14.779"/>
  <testcase classname="test_case.TC005_" name="clickOffer" time="4.878"/>
  <testcase classname="test_case.TC005_" name="course" time="14.05"/>
  <testcase classname="test_case.TC006_" name="form" time="0.912"/>
  <testcase classname="test_case.TC006_" name="form2" time="1.047"/>
  <testcase classname="test_case.TC007_" name="fillForm" time="5.133"/>
  <testcase classname="test_case.TC007_" name="screenshot" time="0.304"/>
  <testcase classname="test_base.BaseClass" name="@BeforeTest setUp" time="0.0">
    <ignored/>
  </testcase> <!-- @BeforeTest setUp -->
  <testcase classname="test_base.BaseClass" name="@BeforeTest setUp" time="0.0">
    <ignored/>
  </testcase> <!-- @BeforeTest setUp -->
  <testcase classname="test_base.BaseClass" name="@BeforeTest setUp" time="0.0">
    <ignored/>
  </testcase> <!-- @BeforeTest setUp -->
  <testcase classname="test_base.BaseClass" name="@BeforeTest setUp" time="0.0">
    <ignored/>
  </testcase> <!-- @BeforeTest setUp -->
  <testcase classname="test_base.BaseClass" name="@BeforeTest setUp" time="0.0">
    <ignored/>
  </testcase> <!-- @BeforeTest setUp -->
  <testcase classname="test_base.BaseClass" name="@BeforeTest setUp" time="0.0">
    <ignored/>
  </testcase> <!-- @BeforeTest setUp -->
</testsuite> <!-- ChromeTest -->
