<?xml version="1.0" encoding="UTF-8"?>
<!-- Generated by org.testng.reporters.JUnitXMLReporter -->
<testsuite ignored="12" hostname="LTIN270759" failures="0" tests="20" name="Test1" time="136.921" errors="0" timestamp="2024-03-07T17:51:37 IST">
  <testcase classname="test_case.TC001_" name="searching" time="13.152"/>
  <testcase classname="test_case.TC002_" name="clickEnglish" time="2.188"/>
  <testcase classname="test_case.TC002_" name="clickLevel" time="3.337"/>
  <testcase classname="test_case.TC003_" name="course1" time="2.135"/>
  <testcase classname="test_case.TC003_" name="clickcourse1" time="11.406"/>
  <testcase classname="test_case.TC003_" name="course2" time="0.333"/>
  <testcase classname="test_case.TC003_" name="clickcourse2" time="10.067"/>
  <testcase classname="test_case.TC004_" name="learning" time="5.605"/>
  <testcase classname="test_case.TC004_" name="clicklanguage" time="8.443"/>
  <testcase classname="test_case.TC004_" name="clicklevel" time="0.925"/>
  <testcase classname="test_case.TC005_" name="clickEnterprise" time="16.434"/>
  <testcase classname="test_case.TC005_" name="clickOffer" time="5.196"/>
  <testcase classname="test_case.TC005_" name="course" time="9.534"/>
  <testcase classname="test_case.TC006_" name="FormFilling1" time="0.47"/>
  <testcase classname="test_case.TC006_" name="FormFilling2" time="1.01"/>
  <testcase classname="test_case.TC007_" name="FormFilling3" time="1.184"/>
  <testcase classname="test_case.TC007_" name="FormFilling4" time="1.48"/>
  <testcase classname="test_case.TC007_" name="FormFilling5" time="1.168"/>
  <testcase classname="test_case.TC007_" name="submit" time="0.59"/>
  <testcase classname="test_case.TC007_" name="screenshot" time="0.366"/>
  <testcase classname="test_base.BaseClass" name="@BeforeTest setup" time="0.0">
    <ignored/>
  </testcase> <!-- @BeforeTest setup -->
  <testcase classname="test_base.BaseClass" name="@BeforeTest setup" time="0.0">
    <ignored/>
  </testcase> <!-- @BeforeTest setup -->
  <testcase classname="test_base.BaseClass" name="@BeforeTest setup" time="0.0">
    <ignored/>
  </testcase> <!-- @BeforeTest setup -->
  <testcase classname="test_base.BaseClass" name="@BeforeTest setup" time="0.0">
    <ignored/>
  </testcase> <!-- @BeforeTest setup -->
  <testcase classname="test_base.BaseClass" name="@BeforeTest setup" time="0.0">
    <ignored/>
  </testcase> <!-- @BeforeTest setup -->
  <testcase classname="test_base.BaseClass" name="@BeforeTest setup" time="0.0">
    <ignored/>
  </testcase> <!-- @BeforeTest setup -->
  <testcase classname="test_base.BaseClass" name="@AfterTest teardown" time="0.0">
    <ignored/>
  </testcase> <!-- @AfterTest teardown -->
  <testcase classname="test_base.BaseClass" name="@AfterTest teardown" time="0.0">
    <ignored/>
  </testcase> <!-- @AfterTest teardown -->
  <testcase classname="test_base.BaseClass" name="@AfterTest teardown" time="0.0">
    <ignored/>
  </testcase> <!-- @AfterTest teardown -->
  <testcase classname="test_base.BaseClass" name="@AfterTest teardown" time="0.0">
    <ignored/>
  </testcase> <!-- @AfterTest teardown -->
  <testcase classname="test_base.BaseClass" name="@AfterTest teardown" time="0.0">
    <ignored/>
  </testcase> <!-- @AfterTest teardown -->
  <testcase classname="test_base.BaseClass" name="@AfterTest teardown" time="0.0">
    <ignored/>
  </testcase> <!-- @AfterTest teardown -->
</testsuite> <!-- Test1 -->
