<?xml version="1.0" encoding="UTF-8"?>
<!-- Generated by org.testng.reporters.JUnitXMLReporter -->
<testsuite ignored="12" hostname="LTIN270759" failures="0" tests="20" name="Test1" time="142.052" errors="0" timestamp="2024-03-11T10:51:38 IST">
  <testcase classname="test_case.TC001_" name="searching" time="20.53"/>
  <testcase classname="test_case.TC002_" name="clickEnglish" time="3.003"/>
  <testcase classname="test_case.TC002_" name="clickLevel" time="3.137"/>
  <testcase classname="test_case.TC003_" name="course1" time="1.776"/>
  <testcase classname="test_case.TC003_" name="clickcourse1" time="21.278"/>
  <testcase classname="test_case.TC003_" name="course2" time="0.367"/>
  <testcase classname="test_case.TC003_" name="clickcourse2" time="10.868"/>
  <testcase classname="test_case.TC004_" name="learning" time="2.065"/>
  <testcase classname="test_case.TC004_" name="clicklanguage" time="5.985"/>
  <testcase classname="test_case.TC004_" name="clicklevel" time="0.627"/>
  <testcase classname="test_case.TC005_" name="clickEnterprise" time="10.605"/>
  <testcase classname="test_case.TC005_" name="clickOffer" time="4.601"/>
  <testcase classname="test_case.TC005_" name="course" time="7.185"/>
  <testcase classname="test_case.TC006_" name="FormFilling1" time="0.809"/>
  <testcase classname="test_case.TC006_" name="FormFilling2" time="0.794"/>
  <testcase classname="test_case.TC007_" name="FormFilling3" time="1.094"/>
  <testcase classname="test_case.TC007_" name="FormFilling4" time="1.317"/>
  <testcase classname="test_case.TC007_" name="FormFilling5" time="0.82"/>
  <testcase classname="test_case.TC007_" name="submit" time="0.152"/>
  <testcase classname="test_case.TC007_" name="screenshot" time="0.351"/>
  <testcase classname="test_base.BaseClass" name="@BeforeTest setup" time="0.0">
    <ignored/>
  </testcase> <!-- @BeforeTest setup -->
  <testcase classname="test_base.BaseClass" name="@BeforeTest setup" time="0.0">
    <ignored/>
  </testcase> <!-- @BeforeTest setup -->
  <testcase classname="test_base.BaseClass" name="@BeforeTest setup" time="0.0">
    <ignored/>
  </testcase> <!-- @BeforeTest setup -->
  <testcase classname="test_base.BaseClass" name="@BeforeTest setup" time="0.0">
    <ignored/>
  </testcase> <!-- @BeforeTest setup -->
  <testcase classname="test_base.BaseClass" name="@BeforeTest setup" time="0.0">
    <ignored/>
  </testcase> <!-- @BeforeTest setup -->
  <testcase classname="test_base.BaseClass" name="@BeforeTest setup" time="0.0">
    <ignored/>
  </testcase> <!-- @BeforeTest setup -->
  <testcase classname="test_base.BaseClass" name="@AfterTest teardown" time="0.0">
    <ignored/>
  </testcase> <!-- @AfterTest teardown -->
  <testcase classname="test_base.BaseClass" name="@AfterTest teardown" time="0.0">
    <ignored/>
  </testcase> <!-- @AfterTest teardown -->
  <testcase classname="test_base.BaseClass" name="@AfterTest teardown" time="0.0">
    <ignored/>
  </testcase> <!-- @AfterTest teardown -->
  <testcase classname="test_base.BaseClass" name="@AfterTest teardown" time="0.0">
    <ignored/>
  </testcase> <!-- @AfterTest teardown -->
  <testcase classname="test_base.BaseClass" name="@AfterTest teardown" time="0.0">
    <ignored/>
  </testcase> <!-- @AfterTest teardown -->
  <testcase classname="test_base.BaseClass" name="@AfterTest teardown" time="0.0">
    <ignored/>
  </testcase> <!-- @AfterTest teardown -->
</testsuite> <!-- Test1 -->
