<?xml version="1.0" encoding="UTF-8"?>
<testng-results ignored="12" total="32" passed="20" failed="0" skipped="0">
  <reporter-output>
  </reporter-output>
  <suite started-at="2024-02-28T18:35:38 IST" name="Suite" finished-at="2024-02-28T18:40:29 IST" duration-ms="291357">
    <groups>
      <group name="Regression">
        <method signature="TC001_.searching()[pri:1, instance:test_case.TC001_@7b36aa0c]" name="searching" class="test_case.TC001_"/>
        <method signature="TC002_.clickLevel()[pri:2, instance:test_case.TC002_@1e0b4072]" name="clickLevel" class="test_case.TC002_"/>
        <method signature="TC004_.clicklanguage()[pri:2, instance:test_case.TC004_@f09733f]" name="clicklanguage" class="test_case.TC004_"/>
        <method signature="TC004_.clicklevel()[pri:3, instance:test_case.TC004_@f09733f]" name="clicklevel" class="test_case.TC004_"/>
        <method signature="TC004_.learning()[pri:1, instance:test_case.TC004_@f09733f]" name="learning" class="test_case.TC004_"/>
        <method signature="TC006_.FormFilling2()[pri:2, instance:test_case.TC006_@41a0aa7d]" name="FormFilling2" class="test_case.TC006_"/>
        <method signature="TC007_.screenshot()[pri:5, instance:test_case.TC007_@2794eab6]" name="screenshot" class="test_case.TC007_"/>
        <method signature="TC007_.submit()[pri:4, instance:test_case.TC007_@2794eab6]" name="submit" class="test_case.TC007_"/>
      </group> <!-- Regression -->
      <group name="smoke">
        <method signature="TC001_.searching()[pri:1, instance:test_case.TC001_@7b36aa0c]" name="searching" class="test_case.TC001_"/>
        <method signature="TC002_.clickEnglish()[pri:1, instance:test_case.TC002_@1e0b4072]" name="clickEnglish" class="test_case.TC002_"/>
        <method signature="TC002_.clickLevel()[pri:2, instance:test_case.TC002_@1e0b4072]" name="clickLevel" class="test_case.TC002_"/>
        <method signature="TC003_.clickcourse1()[pri:2, instance:test_case.TC003_@791f145a]" name="clickcourse1" class="test_case.TC003_"/>
        <method signature="TC003_.clickcourse2()[pri:4, instance:test_case.TC003_@791f145a]" name="clickcourse2" class="test_case.TC003_"/>
        <method signature="TC003_.course1()[pri:1, instance:test_case.TC003_@791f145a]" name="course1" class="test_case.TC003_"/>
        <method signature="TC003_.course2()[pri:3, instance:test_case.TC003_@791f145a]" name="course2" class="test_case.TC003_"/>
        <method signature="TC004_.clicklanguage()[pri:2, instance:test_case.TC004_@f09733f]" name="clicklanguage" class="test_case.TC004_"/>
        <method signature="TC004_.clicklevel()[pri:3, instance:test_case.TC004_@f09733f]" name="clicklevel" class="test_case.TC004_"/>
        <method signature="TC004_.learning()[pri:1, instance:test_case.TC004_@f09733f]" name="learning" class="test_case.TC004_"/>
        <method signature="TC005_.clickEnterprise()[pri:1, instance:test_case.TC005_@e350b40]" name="clickEnterprise" class="test_case.TC005_"/>
        <method signature="TC005_.clickOffer()[pri:2, instance:test_case.TC005_@e350b40]" name="clickOffer" class="test_case.TC005_"/>
        <method signature="TC005_.course()[pri:3, instance:test_case.TC005_@e350b40]" name="course" class="test_case.TC005_"/>
        <method signature="TC006_.FormFilling1()[pri:1, instance:test_case.TC006_@41a0aa7d]" name="FormFilling1" class="test_case.TC006_"/>
        <method signature="TC006_.FormFilling2()[pri:2, instance:test_case.TC006_@41a0aa7d]" name="FormFilling2" class="test_case.TC006_"/>
        <method signature="TC007_.FormFilling3()[pri:1, instance:test_case.TC007_@2794eab6]" name="FormFilling3" class="test_case.TC007_"/>
        <method signature="TC007_.FormFilling4()[pri:2, instance:test_case.TC007_@2794eab6]" name="FormFilling4" class="test_case.TC007_"/>
        <method signature="TC007_.FormFilling5()[pri:3, instance:test_case.TC007_@2794eab6]" name="FormFilling5" class="test_case.TC007_"/>
        <method signature="TC007_.screenshot()[pri:5, instance:test_case.TC007_@2794eab6]" name="screenshot" class="test_case.TC007_"/>
        <method signature="TC007_.submit()[pri:4, instance:test_case.TC007_@2794eab6]" name="submit" class="test_case.TC007_"/>
      </group> <!-- smoke -->
    </groups>
    <test started-at="2024-02-28T18:35:38 IST" name="Test1" finished-at="2024-02-28T18:40:29 IST" duration-ms="291357">
      <class name="test_case.TC003_">
        <test-method signature="course1()[pri:1, instance:test_case.TC003_@791f145a]" started-at="2024-02-28T18:36:47 IST" name="course1" finished-at="2024-02-28T18:36:49 IST" duration-ms="1623" status="PASS">
          <reporter-output>
          </reporter-output>
        </test-method> <!-- course1 -->
        <test-method signature="clickcourse1()[pri:2, instance:test_case.TC003_@791f145a]" started-at="2024-02-28T18:36:49 IST" name="clickcourse1" finished-at="2024-02-28T18:37:29 IST" duration-ms="39743" status="PASS">
          <reporter-output>
          </reporter-output>
        </test-method> <!-- clickcourse1 -->
        <test-method signature="course2()[pri:3, instance:test_case.TC003_@791f145a]" started-at="2024-02-28T18:37:30 IST" name="course2" finished-at="2024-02-28T18:37:30 IST" duration-ms="292" status="PASS">
          <reporter-output>
          </reporter-output>
        </test-method> <!-- course2 -->
        <test-method signature="clickcourse2()[pri:4, instance:test_case.TC003_@791f145a]" started-at="2024-02-28T18:37:31 IST" name="clickcourse2" finished-at="2024-02-28T18:38:11 IST" duration-ms="39677" status="PASS">
          <reporter-output>
          </reporter-output>
        </test-method> <!-- clickcourse2 -->
      </class> <!-- test_case.TC003_ -->
      <class name="test_case.TC002_">
        <test-method signature="clickEnglish()[pri:1, instance:test_case.TC002_@1e0b4072]" started-at="2024-02-28T18:36:43 IST" name="clickEnglish" finished-at="2024-02-28T18:36:46 IST" duration-ms="2410" status="PASS">
          <reporter-output>
          </reporter-output>
        </test-method> <!-- clickEnglish -->
        <test-method signature="clickLevel()[pri:2, instance:test_case.TC002_@1e0b4072]" started-at="2024-02-28T18:36:46 IST" name="clickLevel" finished-at="2024-02-28T18:36:47 IST" duration-ms="686" status="PASS">
          <reporter-output>
          </reporter-output>
        </test-method> <!-- clickLevel -->
      </class> <!-- test_case.TC002_ -->
      <class name="test_case.TC001_">
        <test-method is-config="true" signature="setup(java.lang.String,java.lang.String)[pri:0, instance:test_case.TC001_@7b36aa0c]" started-at="2024-02-28T18:35:39 IST" name="setup" finished-at="2024-02-28T18:36:05 IST" duration-ms="26002" status="PASS">
          <params>
            <param index="0">
              <value>
                <![CDATA[windows]]>
              </value>
            </param>
            <param index="1">
              <value>
                <![CDATA[chrome]]>
              </value>
            </param>
          </params>
          <reporter-output>
          </reporter-output>
        </test-method> <!-- setup -->
        <test-method signature="searching()[pri:1, instance:test_case.TC001_@7b36aa0c]" started-at="2024-02-28T18:36:05 IST" name="searching" finished-at="2024-02-28T18:36:43 IST" duration-ms="38016" status="PASS">
          <reporter-output>
          </reporter-output>
        </test-method> <!-- searching -->
        <test-method is-config="true" signature="teardown()[pri:0, instance:test_case.TC001_@7b36aa0c]" started-at="2024-02-28T18:40:28 IST" name="teardown" finished-at="2024-02-28T18:40:29 IST" duration-ms="1393" status="PASS">
          <reporter-output>
          </reporter-output>
        </test-method> <!-- teardown -->
      </class> <!-- test_case.TC001_ -->
      <class name="test_case.TC007_">
        <test-method signature="FormFilling3()[pri:1, instance:test_case.TC007_@2794eab6]" started-at="2024-02-28T18:40:21 IST" name="FormFilling3" finished-at="2024-02-28T18:40:23 IST" duration-ms="1223" status="PASS">
          <reporter-output>
          </reporter-output>
        </test-method> <!-- FormFilling3 -->
        <test-method signature="FormFilling4()[pri:2, instance:test_case.TC007_@2794eab6]" started-at="2024-02-28T18:40:23 IST" name="FormFilling4" finished-at="2024-02-28T18:40:25 IST" duration-ms="1863" status="PASS">
          <reporter-output>
          </reporter-output>
        </test-method> <!-- FormFilling4 -->
        <test-method signature="FormFilling5()[pri:3, instance:test_case.TC007_@2794eab6]" started-at="2024-02-28T18:40:25 IST" name="FormFilling5" finished-at="2024-02-28T18:40:26 IST" duration-ms="846" status="PASS">
          <reporter-output>
          </reporter-output>
        </test-method> <!-- FormFilling5 -->
        <test-method signature="submit()[pri:4, instance:test_case.TC007_@2794eab6]" started-at="2024-02-28T18:40:26 IST" name="submit" finished-at="2024-02-28T18:40:27 IST" duration-ms="128" status="PASS">
          <reporter-output>
          </reporter-output>
        </test-method> <!-- submit -->
        <test-method signature="screenshot()[pri:5, instance:test_case.TC007_@2794eab6]" started-at="2024-02-28T18:40:27 IST" name="screenshot" finished-at="2024-02-28T18:40:27 IST" duration-ms="377" status="PASS">
          <reporter-output>
          </reporter-output>
        </test-method> <!-- screenshot -->
      </class> <!-- test_case.TC007_ -->
      <class name="test_case.TC006_">
        <test-method signature="FormFilling1()[pri:1, instance:test_case.TC006_@41a0aa7d]" started-at="2024-02-28T18:40:19 IST" name="FormFilling1" finished-at="2024-02-28T18:40:20 IST" duration-ms="939" status="PASS">
          <reporter-output>
          </reporter-output>
        </test-method> <!-- FormFilling1 -->
        <test-method signature="FormFilling2()[pri:2, instance:test_case.TC006_@41a0aa7d]" started-at="2024-02-28T18:40:20 IST" name="FormFilling2" finished-at="2024-02-28T18:40:21 IST" duration-ms="629" status="PASS">
          <reporter-output>
          </reporter-output>
        </test-method> <!-- FormFilling2 -->
      </class> <!-- test_case.TC006_ -->
      <class name="test_case.TC005_">
        <test-method signature="clickEnterprise()[pri:1, instance:test_case.TC005_@e350b40]" started-at="2024-02-28T18:38:26 IST" name="clickEnterprise" finished-at="2024-02-28T18:39:05 IST" duration-ms="38928" status="PASS">
          <reporter-output>
          </reporter-output>
        </test-method> <!-- clickEnterprise -->
        <test-method signature="clickOffer()[pri:2, instance:test_case.TC005_@e350b40]" started-at="2024-02-28T18:39:06 IST" name="clickOffer" finished-at="2024-02-28T18:39:41 IST" duration-ms="35567" status="PASS">
          <reporter-output>
          </reporter-output>
        </test-method> <!-- clickOffer -->
        <test-method signature="course()[pri:3, instance:test_case.TC005_@e350b40]" started-at="2024-02-28T18:39:42 IST" name="course" finished-at="2024-02-28T18:40:18 IST" duration-ms="36842" status="PASS">
          <reporter-output>
          </reporter-output>
        </test-method> <!-- course -->
      </class> <!-- test_case.TC005_ -->
      <class name="test_case.TC004_">
        <test-method signature="learning()[pri:1, instance:test_case.TC004_@f09733f]" started-at="2024-02-28T18:38:11 IST" name="learning" finished-at="2024-02-28T18:38:15 IST" duration-ms="3682" status="PASS">
          <reporter-output>
          </reporter-output>
        </test-method> <!-- learning -->
        <test-method signature="clicklanguage()[pri:2, instance:test_case.TC004_@f09733f]" started-at="2024-02-28T18:38:15 IST" name="clicklanguage" finished-at="2024-02-28T18:38:24 IST" duration-ms="8986" status="PASS">
          <reporter-output>
          </reporter-output>
        </test-method> <!-- clicklanguage -->
        <test-method signature="clicklevel()[pri:3, instance:test_case.TC004_@f09733f]" started-at="2024-02-28T18:38:25 IST" name="clicklevel" finished-at="2024-02-28T18:38:25 IST" duration-ms="650" status="PASS">
          <reporter-output>
          </reporter-output>
        </test-method> <!-- clicklevel -->
      </class> <!-- test_case.TC004_ -->
    </test> <!-- Test1 -->
  </suite> <!-- Suite -->
</testng-results>
