<?xml version="1.0" encoding="UTF-8"?>
<testng-results ignored="12" total="32" passed="20" failed="0" skipped="0">
  <reporter-output>
  </reporter-output>
  <suite started-at="2024-03-11T10:49:16 IST" name="Suite" finished-at="2024-03-11T10:51:38 IST" duration-ms="142052">
    <groups>
    </groups>
    <test started-at="2024-03-11T10:49:16 IST" name="Test1" finished-at="2024-03-11T10:51:38 IST" duration-ms="142052">
      <class name="test_case.TC003_">
        <test-method signature="course1()[pri:1, instance:test_case.TC003_@791f145a]" started-at="2024-03-11T10:50:17 IST" name="course1" finished-at="2024-03-11T10:50:19 IST" duration-ms="1776" status="PASS">
          <reporter-output>
          </reporter-output>
        </test-method> <!-- course1 -->
        <test-method signature="clickcourse1()[pri:2, instance:test_case.TC003_@791f145a]" started-at="2024-03-11T10:50:20 IST" name="clickcourse1" finished-at="2024-03-11T10:50:41 IST" duration-ms="21278" status="PASS">
          <reporter-output>
          </reporter-output>
        </test-method> <!-- clickcourse1 -->
        <test-method signature="course2()[pri:3, instance:test_case.TC003_@791f145a]" started-at="2024-03-11T10:50:42 IST" name="course2" finished-at="2024-03-11T10:50:42 IST" duration-ms="367" status="PASS">
          <reporter-output>
          </reporter-output>
        </test-method> <!-- course2 -->
        <test-method signature="clickcourse2()[pri:4, instance:test_case.TC003_@791f145a]" started-at="2024-03-11T10:50:43 IST" name="clickcourse2" finished-at="2024-03-11T10:50:54 IST" duration-ms="10868" status="PASS">
          <reporter-output>
          </reporter-output>
        </test-method> <!-- clickcourse2 -->
      </class> <!-- test_case.TC003_ -->
      <class name="test_case.TC002_">
        <test-method signature="clickEnglish()[pri:1, instance:test_case.TC002_@1e0b4072]" started-at="2024-03-11T10:50:10 IST" name="clickEnglish" finished-at="2024-03-11T10:50:13 IST" duration-ms="3003" status="PASS">
          <reporter-output>
          </reporter-output>
        </test-method> <!-- clickEnglish -->
        <test-method signature="clickLevel()[pri:2, instance:test_case.TC002_@1e0b4072]" started-at="2024-03-11T10:50:13 IST" name="clickLevel" finished-at="2024-03-11T10:50:16 IST" duration-ms="3137" status="PASS">
          <reporter-output>
          </reporter-output>
        </test-method> <!-- clickLevel -->
      </class> <!-- test_case.TC002_ -->
      <class name="test_case.TC001_">
        <test-method is-config="true" signature="setup(java.lang.String,java.lang.String)[pri:0, instance:test_case.TC001_@7b36aa0c]" started-at="2024-03-11T10:49:18 IST" name="setup" finished-at="2024-03-11T10:49:48 IST" duration-ms="30069" status="PASS">
          <params>
            <param index="0">
              <value>
                <![CDATA[windows]]>
              </value>
            </param>
            <param index="1">
              <value>
                <![CDATA[chrome]]>
              </value>
            </param>
          </params>
          <reporter-output>
          </reporter-output>
        </test-method> <!-- setup -->
        <test-method signature="searching()[pri:1, instance:test_case.TC001_@7b36aa0c]" started-at="2024-03-11T10:49:48 IST" name="searching" finished-at="2024-03-11T10:50:09 IST" duration-ms="20530" status="PASS">
          <reporter-output>
          </reporter-output>
        </test-method> <!-- searching -->
        <test-method is-config="true" signature="teardown()[pri:0, instance:test_case.TC001_@7b36aa0c]" started-at="2024-03-11T10:51:37 IST" name="teardown" finished-at="2024-03-11T10:51:38 IST" duration-ms="1688" status="PASS">
          <reporter-output>
          </reporter-output>
        </test-method> <!-- teardown -->
      </class> <!-- test_case.TC001_ -->
      <class name="test_case.TC007_">
        <test-method signature="FormFilling3()[pri:1, instance:test_case.TC007_@2794eab6]" started-at="2024-03-11T10:51:31 IST" name="FormFilling3" finished-at="2024-03-11T10:51:32 IST" duration-ms="1094" status="PASS">
          <reporter-output>
          </reporter-output>
        </test-method> <!-- FormFilling3 -->
        <test-method signature="FormFilling4()[pri:2, instance:test_case.TC007_@2794eab6]" started-at="2024-03-11T10:51:32 IST" name="FormFilling4" finished-at="2024-03-11T10:51:34 IST" duration-ms="1317" status="PASS">
          <reporter-output>
          </reporter-output>
        </test-method> <!-- FormFilling4 -->
        <test-method signature="FormFilling5()[pri:3, instance:test_case.TC007_@2794eab6]" started-at="2024-03-11T10:51:34 IST" name="FormFilling5" finished-at="2024-03-11T10:51:35 IST" duration-ms="820" status="PASS">
          <reporter-output>
          </reporter-output>
        </test-method> <!-- FormFilling5 -->
        <test-method signature="submit()[pri:4, instance:test_case.TC007_@2794eab6]" started-at="2024-03-11T10:51:35 IST" name="submit" finished-at="2024-03-11T10:51:35 IST" duration-ms="152" status="PASS">
          <reporter-output>
          </reporter-output>
        </test-method> <!-- submit -->
        <test-method signature="screenshot()[pri:5, instance:test_case.TC007_@2794eab6]" started-at="2024-03-11T10:51:36 IST" name="screenshot" finished-at="2024-03-11T10:51:36 IST" duration-ms="351" status="PASS">
          <reporter-output>
          </reporter-output>
        </test-method> <!-- screenshot -->
      </class> <!-- test_case.TC007_ -->
      <class name="test_case.TC006_">
        <test-method signature="FormFilling1()[pri:1, instance:test_case.TC006_@41a0aa7d]" started-at="2024-03-11T10:51:29 IST" name="FormFilling1" finished-at="2024-03-11T10:51:30 IST" duration-ms="809" status="PASS">
          <reporter-output>
          </reporter-output>
        </test-method> <!-- FormFilling1 -->
        <test-method signature="FormFilling2()[pri:2, instance:test_case.TC006_@41a0aa7d]" started-at="2024-03-11T10:51:30 IST" name="FormFilling2" finished-at="2024-03-11T10:51:31 IST" duration-ms="794" status="PASS">
          <reporter-output>
          </reporter-output>
        </test-method> <!-- FormFilling2 -->
      </class> <!-- test_case.TC006_ -->
      <class name="test_case.TC005_">
        <test-method signature="clickEnterprise()[pri:1, instance:test_case.TC005_@e350b40]" started-at="2024-03-11T10:51:04 IST" name="clickEnterprise" finished-at="2024-03-11T10:51:15 IST" duration-ms="10605" status="PASS">
          <reporter-output>
          </reporter-output>
        </test-method> <!-- clickEnterprise -->
        <test-method signature="clickOffer()[pri:2, instance:test_case.TC005_@e350b40]" started-at="2024-03-11T10:51:16 IST" name="clickOffer" finished-at="2024-03-11T10:51:20 IST" duration-ms="4601" status="PASS">
          <reporter-output>
          </reporter-output>
        </test-method> <!-- clickOffer -->
        <test-method signature="course()[pri:3, instance:test_case.TC005_@e350b40]" started-at="2024-03-11T10:51:21 IST" name="course" finished-at="2024-03-11T10:51:28 IST" duration-ms="7185" status="PASS">
          <reporter-output>
          </reporter-output>
        </test-method> <!-- course -->
      </class> <!-- test_case.TC005_ -->
      <class name="test_case.TC004_">
        <test-method signature="learning()[pri:1, instance:test_case.TC004_@f09733f]" started-at="2024-03-11T10:50:54 IST" name="learning" finished-at="2024-03-11T10:50:57 IST" duration-ms="2065" status="PASS">
          <reporter-output>
          </reporter-output>
        </test-method> <!-- learning -->
        <test-method signature="clicklanguage()[pri:2, instance:test_case.TC004_@f09733f]" started-at="2024-03-11T10:50:57 IST" name="clicklanguage" finished-at="2024-03-11T10:51:03 IST" duration-ms="5985" status="PASS">
          <reporter-output>
          </reporter-output>
        </test-method> <!-- clicklanguage -->
        <test-method signature="clicklevel()[pri:3, instance:test_case.TC004_@f09733f]" started-at="2024-03-11T10:51:03 IST" name="clicklevel" finished-at="2024-03-11T10:51:04 IST" duration-ms="627" status="PASS">
          <reporter-output>
          </reporter-output>
        </test-method> <!-- clicklevel -->
      </class> <!-- test_case.TC004_ -->
    </test> <!-- Test1 -->
  </suite> <!-- Suite -->
</testng-results>
